#
# There is insufficient memory for the Java Runtime Environment to continue.
# Native memory allocation (malloc) failed to allocate 32784 bytes for Chunk::new
# Possible reasons:
#   The system is out of physical RAM or swap space
#   The process is running with CompressedOops enabled, and the Java Heap may be blocking the growth of the native heap
# Possible solutions:
#   Reduce memory load on the system
#   Increase physical memory or swap space
#   Check if swap backing store is full
#   Decrease Java heap size (-Xmx/-Xms)
#   Decrease number of Java threads
#   Decrease Java thread stack sizes (-Xss)
#   Set larger code cache with -XX:ReservedCodeCacheSize=
#   JVM is running with Unscaled Compressed Oops mode in which the Java heap is
#     placed in the first 4GB address space. The Java Heap base address is the
#     maximum limit for the native heap growth. Please use -XX:HeapBaseMinAddress
#     to set the Java Heap base and to place the Java Heap above 4GB virtual address.
# This output file may be truncated or incomplete.
#
#  Out of Memory Error (./open/src/hotspot/share/memory/arena.cpp:195), pid=178260, tid=158272
#
# JRE version: Java(TM) SE Runtime Environment (15.0.2+7) (build 15.0.2+7-27)
# Java VM: Java HotSpot(TM) 64-Bit Server VM (15.0.2+7-27, mixed mode, sharing, tiered, compressed oops, g1 gc, windows-amd64)
# No core dump will be written. Minidumps are not enabled by default on client versions of Windows
#

---------------  S U M M A R Y ------------

Command Line: -Dclassworlds.conf=C:\Program Files\NetBeans-12.2\netbeans\java\maven\bin\..\bin\m2.conf -Dmaven.home=C:\Program Files\NetBeans-12.2\netbeans\java\maven\bin\.. -Dlibrary.jansi.path=C:\Program Files\NetBeans-12.2\netbeans\java\maven\bin\..\lib\jansi-native -Dmaven.multiModuleProjectDirectory=D:\Java\Lap trinh mang\ClientServerUDP org.codehaus.plexus.classworlds.launcher.Launcher -Dexec.args=-classpath %classpath com.mycompany.NguyenThiNga_10218026.bai1.model.Server -Dexec.executable=C:\Program Files\Java\jdk-15.0.2\bin\java.exe -Dexec.classpathScope=runtime -Dmaven.ext.class.path=C:\Program Files\NetBeans-12.2\netbeans\java\maven-nblib\netbeans-eventspy.jar -Dfile.encoding=UTF-8 org.codehaus.mojo:exec-maven-plugin:3.0.0:exec

Host: Intel(R) Core(TM) i5-8250U CPU @ 1.60GHz, 8 cores, 7G,  Windows 10 , 64 bit Build 19041 (10.0.19041.928)
Time: Sat May  8 14:14:41 2021 SE Asia Standard Time elapsed time: 147.707794 seconds (0d 0h 2m 27s)

---------------  T H R E A D  ---------------

Current thread (0x0000027230adfc20):  JavaThread "C2 CompilerThread0" daemon [_thread_in_native, id=158272, stack(0x000000bfadc00000,0x000000bfadd00000)]


Current CompileTask:
C2: 147709 3014  s    4       org.fusesource.jansi.AnsiPrintStream::filter (948 bytes)

Stack: [0x000000bfadc00000,0x000000bfadd00000]
Native frames: (J=compiled Java code, j=interpreted, Vv=VM code, C=native code)
V  [jvm.dll+0x62ae9a]
V  [jvm.dll+0x7817a9]
V  [jvm.dll+0x782f03]
V  [jvm.dll+0x783563]
V  [jvm.dll+0x216325]
V  [jvm.dll+0x97f3a]
V  [jvm.dll+0x980ad]
V  [jvm.dll+0x6828fc]
V  [jvm.dll+0x548ce5]
V  [jvm.dll+0x54641d]
V  [jvm.dll+0x5430ee]
V  [jvm.dll+0x543164]
V  [jvm.dll+0x540a56]
V  [jvm.dll+0x1f2cd4]
V  [jvm.dll+0x1ebff3]
V  [jvm.dll+0x1e9867]
V  [jvm.dll+0x178567]
V  [jvm.dll+0x1f9225]
V  [jvm.dll+0x1f72cc]
V  [jvm.dll+0x74495d]
V  [jvm.dll+0x73d75a]
V  [jvm.dll+0x629c56]
C  [ucrtbase.dll+0x21bb2]
C  [KERNEL32.DLL+0x17034]
C  [ntdll.dll+0x52651]


---------------  P R O C E S S  ---------------

Threads class SMR info:
_java_thread_list=0x00000272327c4010, length=14, elements={
0x0000027211fd9e60, 0x0000027230ac0be0, 0x0000027230ac16b0, 0x0000027230adacb0,
0x0000027230add580, 0x0000027230addf30, 0x0000027230adfc20, 0x0000027230ae3bc0,
0x0000027230aec5c0, 0x000002723150b710, 0x00000272315144f0, 0x00000272329663f0,
0x0000027232a584b0, 0x0000027232a58980
}

Java Threads: ( => current thread )
  0x0000027211fd9e60 JavaThread "main" [_thread_in_native, id=140128, stack(0x000000bfad000000,0x000000bfad100000)]
  0x0000027230ac0be0 JavaThread "Reference Handler" daemon [_thread_blocked, id=134308, stack(0x000000bfad700000,0x000000bfad800000)]
  0x0000027230ac16b0 JavaThread "Finalizer" daemon [_thread_blocked, id=147244, stack(0x000000bfad800000,0x000000bfad900000)]
  0x0000027230adacb0 JavaThread "Signal Dispatcher" daemon [_thread_blocked, id=173596, stack(0x000000bfad900000,0x000000bfada00000)]
  0x0000027230add580 JavaThread "Attach Listener" daemon [_thread_blocked, id=140468, stack(0x000000bfada00000,0x000000bfadb00000)]
  0x0000027230addf30 JavaThread "Service Thread" daemon [_thread_blocked, id=164252, stack(0x000000bfadb00000,0x000000bfadc00000)]
=>0x0000027230adfc20 JavaThread "C2 CompilerThread0" daemon [_thread_in_native, id=158272, stack(0x000000bfadc00000,0x000000bfadd00000)]
  0x0000027230ae3bc0 JavaThread "C1 CompilerThread0" daemon [_thread_blocked, id=160000, stack(0x000000bfadd00000,0x000000bfade00000)]
  0x0000027230aec5c0 JavaThread "Sweeper thread" daemon [_thread_blocked, id=172840, stack(0x000000bfade00000,0x000000bfadf00000)]
  0x000002723150b710 JavaThread "Notification Thread" daemon [_thread_blocked, id=152688, stack(0x000000bfadf00000,0x000000bfae000000)]
  0x00000272315144f0 JavaThread "Common-Cleaner" daemon [_thread_blocked, id=165788, stack(0x000000bfae100000,0x000000bfae200000)]
  0x00000272329663f0 JavaThread "Exec Stream Pumper" daemon [_thread_in_native, id=117844, stack(0x000000bfae600000,0x000000bfae700000)]
  0x0000027232a584b0 JavaThread "Exec Stream Pumper" daemon [_thread_in_native, id=140820, stack(0x000000bfae700000,0x000000bfae800000)]
  0x0000027232a58980 JavaThread "Exec Input Stream Pumper" daemon [_thread_blocked, id=41920, stack(0x000000bfae800000,0x000000bfae900000)]

Other Threads:
  0x0000027230abd450 VMThread "VM Thread" [stack: 0x000000bfad600000,0x000000bfad700000] [id=173064]
  0x0000027231513bd0 WatcherThread [stack: 0x000000bfae000000,0x000000bfae100000] [id=125748]
  0x00000272120171f0 GCTaskThread "GC Thread#0" [stack: 0x000000bfad100000,0x000000bfad200000] [id=103492]
  0x00000272318b3fe0 GCTaskThread "GC Thread#1" [stack: 0x000000bfae400000,0x000000bfae500000] [id=148160]
  0x00000272318b6950 GCTaskThread "GC Thread#2" [stack: 0x000000bfae500000,0x000000bfae600000] [id=168696]
  0x0000027212027ec0 ConcurrentGCThread "G1 Main Marker" [stack: 0x000000bfad200000,0x000000bfad300000] [id=132668]
  0x0000027212029150 ConcurrentGCThread "G1 Conc#0" [stack: 0x000000bfad300000,0x000000bfad400000] [id=102180]
  0x00000272120a92a0 ConcurrentGCThread "G1 Refine#0" [stack: 0x000000bfad400000,0x000000bfad500000] [id=155332]
  0x00000272309320c0 ConcurrentGCThread "G1 Young RemSet Sampling" [stack: 0x000000bfad500000,0x000000bfad600000] [id=147348]

Threads with active compile tasks:
C2 CompilerThread0   147858 3014  s    4       org.fusesource.jansi.AnsiPrintStream::filter (948 bytes)

VM state: not at safepoint (normal execution)

VM Mutex/Monitor currently owned by a thread: None

Heap address: 0x0000000081c00000, size: 2020 MB, Compressed Oops mode: 32-bit
CDS archive(s) mapped at: [0x0000000800000000-0x0000000800b50000-0x0000000800b50000), size 11862016, SharedBaseAddress: 0x0000000800000000, ArchiveRelocationMode: 0.
Compressed class space mapped at: 0x0000000800b50000-0x0000000840b50000, size: 1073741824
Narrow klass base: 0x0000000800000000, Narrow klass shift: 3, Narrow klass range: 0x100000000

GC Precious Log:
 CPUs: 8 total, 8 available
 Memory: 8072M
 Large Page Support: Disabled
 NUMA Support: Disabled
 Compressed Oops: Enabled (32-bit)
 Heap Region Size: 1M
 Heap Min Capacity: 8M
 Heap Initial Capacity: 128M
 Heap Max Capacity: 2020M
 Pre-touch: Disabled
 Parallel Workers: 8
 Concurrent Workers: 2
 Concurrent Refinement Workers: 8
 Periodic GC: Disabled

Heap:
 garbage-first heap   total 131072K, used 52434K [0x0000000081c00000, 0x0000000100000000)
  region size 1024K, 49 young (50176K), 2 survivors (2048K)
 Metaspace       used 14316K, capacity 15612K, committed 15744K, reserved 1062912K
  class space    used 1619K, capacity 1804K, committed 1920K, reserved 1048576K

Heap Regions: E=young(eden), S=young(survivor), O=old, HS=humongous(starts), HC=humongous(continues), CS=collection set, F=free, OA=open archive, CA=closed archive, TAMS=top-at-mark-start (previous, next)
|   0|0x0000000081c00000, 0x0000000081d00000, 0x0000000081d00000|100%| O|  |TAMS 0x0000000081c00000, 0x0000000081c00000| Untracked 
|   1|0x0000000081d00000, 0x0000000081e00000, 0x0000000081e00000|100%| O|  |TAMS 0x0000000081d00000, 0x0000000081d00000| Untracked 
|   2|0x0000000081e00000, 0x0000000081f00000, 0x0000000081f00000|100%| O|  |TAMS 0x0000000081e00000, 0x0000000081e00000| Untracked 
|   3|0x0000000081f00000, 0x0000000081f4ae00, 0x0000000082000000| 29%| O|  |TAMS 0x0000000081f00000, 0x0000000081f00000| Untracked 
|   4|0x0000000082000000, 0x0000000082000000, 0x0000000082100000|  0%| F|  |TAMS 0x0000000082000000, 0x0000000082000000| Untracked 
|   5|0x0000000082100000, 0x0000000082100000, 0x0000000082200000|  0%| F|  |TAMS 0x0000000082100000, 0x0000000082100000| Untracked 
|   6|0x0000000082200000, 0x0000000082200000, 0x0000000082300000|  0%| F|  |TAMS 0x0000000082200000, 0x0000000082200000| Untracked 
|   7|0x0000000082300000, 0x0000000082300000, 0x0000000082400000|  0%| F|  |TAMS 0x0000000082300000, 0x0000000082300000| Untracked 
|   8|0x0000000082400000, 0x0000000082400000, 0x0000000082500000|  0%| F|  |TAMS 0x0000000082400000, 0x0000000082400000| Untracked 
|   9|0x0000000082500000, 0x0000000082500000, 0x0000000082600000|  0%| F|  |TAMS 0x0000000082500000, 0x0000000082500000| Untracked 
|  10|0x0000000082600000, 0x0000000082600000, 0x0000000082700000|  0%| F|  |TAMS 0x0000000082600000, 0x0000000082600000| Untracked 
|  11|0x0000000082700000, 0x0000000082700000, 0x0000000082800000|  0%| F|  |TAMS 0x0000000082700000, 0x0000000082700000| Untracked 
|  12|0x0000000082800000, 0x0000000082800000, 0x0000000082900000|  0%| F|  |TAMS 0x0000000082800000, 0x0000000082800000| Untracked 
|  13|0x0000000082900000, 0x0000000082900000, 0x0000000082a00000|  0%| F|  |TAMS 0x0000000082900000, 0x0000000082900000| Untracked 
|  14|0x0000000082a00000, 0x0000000082a00000, 0x0000000082b00000|  0%| F|  |TAMS 0x0000000082a00000, 0x0000000082a00000| Untracked 
|  15|0x0000000082b00000, 0x0000000082b00000, 0x0000000082c00000|  0%| F|  |TAMS 0x0000000082b00000, 0x0000000082b00000| Untracked 
|  16|0x0000000082c00000, 0x0000000082c00000, 0x0000000082d00000|  0%| F|  |TAMS 0x0000000082c00000, 0x0000000082c00000| Untracked 
|  17|0x0000000082d00000, 0x0000000082d00000, 0x0000000082e00000|  0%| F|  |TAMS 0x0000000082d00000, 0x0000000082d00000| Untracked 
|  18|0x0000000082e00000, 0x0000000082e00000, 0x0000000082f00000|  0%| F|  |TAMS 0x0000000082e00000, 0x0000000082e00000| Untracked 
|  19|0x0000000082f00000, 0x0000000082f00000, 0x0000000083000000|  0%| F|  |TAMS 0x0000000082f00000, 0x0000000082f00000| Untracked 
|  20|0x0000000083000000, 0x0000000083000000, 0x0000000083100000|  0%| F|  |TAMS 0x0000000083000000, 0x0000000083000000| Untracked 
|  21|0x0000000083100000, 0x0000000083100000, 0x0000000083200000|  0%| F|  |TAMS 0x0000000083100000, 0x0000000083100000| Untracked 
|  22|0x0000000083200000, 0x0000000083200000, 0x0000000083300000|  0%| F|  |TAMS 0x0000000083200000, 0x0000000083200000| Untracked 
|  23|0x0000000083300000, 0x0000000083300000, 0x0000000083400000|  0%| F|  |TAMS 0x0000000083300000, 0x0000000083300000| Untracked 
|  24|0x0000000083400000, 0x0000000083400000, 0x0000000083500000|  0%| F|  |TAMS 0x0000000083400000, 0x0000000083400000| Untracked 
|  25|0x0000000083500000, 0x0000000083500000, 0x0000000083600000|  0%| F|  |TAMS 0x0000000083500000, 0x0000000083500000| Untracked 
|  26|0x0000000083600000, 0x0000000083600000, 0x0000000083700000|  0%| F|  |TAMS 0x0000000083600000, 0x0000000083600000| Untracked 
|  27|0x0000000083700000, 0x0000000083700000, 0x0000000083800000|  0%| F|  |TAMS 0x0000000083700000, 0x0000000083700000| Untracked 
|  28|0x0000000083800000, 0x0000000083800000, 0x0000000083900000|  0%| F|  |TAMS 0x0000000083800000, 0x0000000083800000| Untracked 
|  29|0x0000000083900000, 0x0000000083900000, 0x0000000083a00000|  0%| F|  |TAMS 0x0000000083900000, 0x0000000083900000| Untracked 
|  30|0x0000000083a00000, 0x0000000083a00000, 0x0000000083b00000|  0%| F|  |TAMS 0x0000000083a00000, 0x0000000083a00000| Untracked 
|  31|0x0000000083b00000, 0x0000000083b00000, 0x0000000083c00000|  0%| F|  |TAMS 0x0000000083b00000, 0x0000000083b00000| Untracked 
|  32|0x0000000083c00000, 0x0000000083c00000, 0x0000000083d00000|  0%| F|  |TAMS 0x0000000083c00000, 0x0000000083c00000| Untracked 
|  33|0x0000000083d00000, 0x0000000083d00000, 0x0000000083e00000|  0%| F|  |TAMS 0x0000000083d00000, 0x0000000083d00000| Untracked 
|  34|0x0000000083e00000, 0x0000000083e00000, 0x0000000083f00000|  0%| F|  |TAMS 0x0000000083e00000, 0x0000000083e00000| Untracked 
|  35|0x0000000083f00000, 0x0000000083f00000, 0x0000000084000000|  0%| F|  |TAMS 0x0000000083f00000, 0x0000000083f00000| Untracked 
|  36|0x0000000084000000, 0x0000000084000000, 0x0000000084100000|  0%| F|  |TAMS 0x0000000084000000, 0x0000000084000000| Untracked 
|  37|0x0000000084100000, 0x0000000084100000, 0x0000000084200000|  0%| F|  |TAMS 0x0000000084100000, 0x0000000084100000| Untracked 
|  38|0x0000000084200000, 0x0000000084200000, 0x0000000084300000|  0%| F|  |TAMS 0x0000000084200000, 0x0000000084200000| Untracked 
|  39|0x0000000084300000, 0x0000000084300000, 0x0000000084400000|  0%| F|  |TAMS 0x0000000084300000, 0x0000000084300000| Untracked 
|  40|0x0000000084400000, 0x0000000084400000, 0x0000000084500000|  0%| F|  |TAMS 0x0000000084400000, 0x0000000084400000| Untracked 
|  41|0x0000000084500000, 0x0000000084500000, 0x0000000084600000|  0%| F|  |TAMS 0x0000000084500000, 0x0000000084500000| Untracked 
|  42|0x0000000084600000, 0x0000000084600000, 0x0000000084700000|  0%| F|  |TAMS 0x0000000084600000, 0x0000000084600000| Untracked 
|  43|0x0000000084700000, 0x0000000084700000, 0x0000000084800000|  0%| F|  |TAMS 0x0000000084700000, 0x0000000084700000| Untracked 
|  44|0x0000000084800000, 0x0000000084800000, 0x0000000084900000|  0%| F|  |TAMS 0x0000000084800000, 0x0000000084800000| Untracked 
|  45|0x0000000084900000, 0x0000000084900000, 0x0000000084a00000|  0%| F|  |TAMS 0x0000000084900000, 0x0000000084900000| Untracked 
|  46|0x0000000084a00000, 0x0000000084a00000, 0x0000000084b00000|  0%| F|  |TAMS 0x0000000084a00000, 0x0000000084a00000| Untracked 
|  47|0x0000000084b00000, 0x0000000084b00000, 0x0000000084c00000|  0%| F|  |TAMS 0x0000000084b00000, 0x0000000084b00000| Untracked 
|  48|0x0000000084c00000, 0x0000000084c00000, 0x0000000084d00000|  0%| F|  |TAMS 0x0000000084c00000, 0x0000000084c00000| Untracked 
|  49|0x0000000084d00000, 0x0000000084d00000, 0x0000000084e00000|  0%| F|  |TAMS 0x0000000084d00000, 0x0000000084d00000| Untracked 
|  50|0x0000000084e00000, 0x0000000084e00000, 0x0000000084f00000|  0%| F|  |TAMS 0x0000000084e00000, 0x0000000084e00000| Untracked 
|  51|0x0000000084f00000, 0x0000000084f00000, 0x0000000085000000|  0%| F|  |TAMS 0x0000000084f00000, 0x0000000084f00000| Untracked 
|  52|0x0000000085000000, 0x0000000085000000, 0x0000000085100000|  0%| F|  |TAMS 0x0000000085000000, 0x0000000085000000| Untracked 
|  53|0x0000000085100000, 0x0000000085100000, 0x0000000085200000|  0%| F|  |TAMS 0x0000000085100000, 0x0000000085100000| Untracked 
|  54|0x0000000085200000, 0x0000000085200000, 0x0000000085300000|  0%| F|  |TAMS 0x0000000085200000, 0x0000000085200000| Untracked 
|  55|0x0000000085300000, 0x0000000085300000, 0x0000000085400000|  0%| F|  |TAMS 0x0000000085300000, 0x0000000085300000| Untracked 
|  56|0x0000000085400000, 0x0000000085400000, 0x0000000085500000|  0%| F|  |TAMS 0x0000000085400000, 0x0000000085400000| Untracked 
|  57|0x0000000085500000, 0x0000000085500000, 0x0000000085600000|  0%| F|  |TAMS 0x0000000085500000, 0x0000000085500000| Untracked 
|  58|0x0000000085600000, 0x0000000085600000, 0x0000000085700000|  0%| F|  |TAMS 0x0000000085600000, 0x0000000085600000| Untracked 
|  59|0x0000000085700000, 0x0000000085700000, 0x0000000085800000|  0%| F|  |TAMS 0x0000000085700000, 0x0000000085700000| Untracked 
|  60|0x0000000085800000, 0x0000000085800000, 0x0000000085900000|  0%| F|  |TAMS 0x0000000085800000, 0x0000000085800000| Untracked 
|  61|0x0000000085900000, 0x0000000085900000, 0x0000000085a00000|  0%| F|  |TAMS 0x0000000085900000, 0x0000000085900000| Untracked 
|  62|0x0000000085a00000, 0x0000000085a00000, 0x0000000085b00000|  0%| F|  |TAMS 0x0000000085a00000, 0x0000000085a00000| Untracked 
|  63|0x0000000085b00000, 0x0000000085b00000, 0x0000000085c00000|  0%| F|  |TAMS 0x0000000085b00000, 0x0000000085b00000| Untracked 
|  64|0x0000000085c00000, 0x0000000085c00000, 0x0000000085d00000|  0%| F|  |TAMS 0x0000000085c00000, 0x0000000085c00000| Untracked 
|  65|0x0000000085d00000, 0x0000000085d00000, 0x0000000085e00000|  0%| F|  |TAMS 0x0000000085d00000, 0x0000000085d00000| Untracked 
|  66|0x0000000085e00000, 0x0000000085e00000, 0x0000000085f00000|  0%| F|  |TAMS 0x0000000085e00000, 0x0000000085e00000| Untracked 
|  67|0x0000000085f00000, 0x0000000085f00000, 0x0000000086000000|  0%| F|  |TAMS 0x0000000085f00000, 0x0000000085f00000| Untracked 
|  68|0x0000000086000000, 0x0000000086000000, 0x0000000086100000|  0%| F|  |TAMS 0x0000000086000000, 0x0000000086000000| Untracked 
|  69|0x0000000086100000, 0x0000000086100000, 0x0000000086200000|  0%| F|  |TAMS 0x0000000086100000, 0x0000000086100000| Untracked 
|  70|0x0000000086200000, 0x0000000086200000, 0x0000000086300000|  0%| F|  |TAMS 0x0000000086200000, 0x0000000086200000| Untracked 
|  71|0x0000000086300000, 0x0000000086300000, 0x0000000086400000|  0%| F|  |TAMS 0x0000000086300000, 0x0000000086300000| Untracked 
|  72|0x0000000086400000, 0x0000000086400000, 0x0000000086500000|  0%| F|  |TAMS 0x0000000086400000, 0x0000000086400000| Untracked 
|  73|0x0000000086500000, 0x0000000086500000, 0x0000000086600000|  0%| F|  |TAMS 0x0000000086500000, 0x0000000086500000| Untracked 
|  74|0x0000000086600000, 0x0000000086600000, 0x0000000086700000|  0%| F|  |TAMS 0x0000000086600000, 0x0000000086600000| Untracked 
|  75|0x0000000086700000, 0x0000000086700000, 0x0000000086800000|  0%| F|  |TAMS 0x0000000086700000, 0x0000000086700000| Untracked 
|  76|0x0000000086800000, 0x0000000086800000, 0x0000000086900000|  0%| F|  |TAMS 0x0000000086800000, 0x0000000086800000| Untracked 
|  77|0x0000000086900000, 0x0000000086900000, 0x0000000086a00000|  0%| F|  |TAMS 0x0000000086900000, 0x0000000086900000| Untracked 
|  78|0x0000000086a00000, 0x0000000086a00000, 0x0000000086b00000|  0%| F|  |TAMS 0x0000000086a00000, 0x0000000086a00000| Untracked 
|  79|0x0000000086b00000, 0x0000000086b80800, 0x0000000086c00000| 50%| E|  |TAMS 0x0000000086b00000, 0x0000000086b00000| Complete 
|  80|0x0000000086c00000, 0x0000000086d00000, 0x0000000086d00000|100%| E|CS|TAMS 0x0000000086c00000, 0x0000000086c00000| Complete 
|  81|0x0000000086d00000, 0x0000000086e00000, 0x0000000086e00000|100%| E|CS|TAMS 0x0000000086d00000, 0x0000000086d00000| Complete 
|  82|0x0000000086e00000, 0x0000000086f00000, 0x0000000086f00000|100%| E|CS|TAMS 0x0000000086e00000, 0x0000000086e00000| Complete 
|  83|0x0000000086f00000, 0x0000000087000000, 0x0000000087000000|100%| E|CS|TAMS 0x0000000086f00000, 0x0000000086f00000| Complete 
|  84|0x0000000087000000, 0x0000000087100000, 0x0000000087100000|100%| E|CS|TAMS 0x0000000087000000, 0x0000000087000000| Complete 
|  85|0x0000000087100000, 0x0000000087200000, 0x0000000087200000|100%| E|CS|TAMS 0x0000000087100000, 0x0000000087100000| Complete 
|  86|0x0000000087200000, 0x0000000087300000, 0x0000000087300000|100%| E|CS|TAMS 0x0000000087200000, 0x0000000087200000| Complete 
|  87|0x0000000087300000, 0x0000000087400000, 0x0000000087400000|100%| E|CS|TAMS 0x0000000087300000, 0x0000000087300000| Complete 
|  88|0x0000000087400000, 0x0000000087500000, 0x0000000087500000|100%| E|CS|TAMS 0x0000000087400000, 0x0000000087400000| Complete 
|  89|0x0000000087500000, 0x0000000087600000, 0x0000000087600000|100%| E|CS|TAMS 0x0000000087500000, 0x0000000087500000| Complete 
|  90|0x0000000087600000, 0x0000000087700000, 0x0000000087700000|100%| E|CS|TAMS 0x0000000087600000, 0x0000000087600000| Complete 
|  91|0x0000000087700000, 0x0000000087800000, 0x0000000087800000|100%| E|CS|TAMS 0x0000000087700000, 0x0000000087700000| Complete 
|  92|0x0000000087800000, 0x0000000087900000, 0x0000000087900000|100%| E|CS|TAMS 0x0000000087800000, 0x0000000087800000| Complete 
|  93|0x0000000087900000, 0x00000000879e9c68, 0x0000000087a00000| 91%| S|CS|TAMS 0x0000000087900000, 0x0000000087900000| Complete 
|  94|0x0000000087a00000, 0x0000000087b00000, 0x0000000087b00000|100%| S|CS|TAMS 0x0000000087a00000, 0x0000000087a00000| Complete 
|  95|0x0000000087b00000, 0x0000000087c00000, 0x0000000087c00000|100%| E|CS|TAMS 0x0000000087b00000, 0x0000000087b00000| Complete 
|  96|0x0000000087c00000, 0x0000000087d00000, 0x0000000087d00000|100%| E|CS|TAMS 0x0000000087c00000, 0x0000000087c00000| Complete 
|  97|0x0000000087d00000, 0x0000000087e00000, 0x0000000087e00000|100%| E|CS|TAMS 0x0000000087d00000, 0x0000000087d00000| Complete 
|  98|0x0000000087e00000, 0x0000000087f00000, 0x0000000087f00000|100%| E|CS|TAMS 0x0000000087e00000, 0x0000000087e00000| Complete 
|  99|0x0000000087f00000, 0x0000000088000000, 0x0000000088000000|100%| E|CS|TAMS 0x0000000087f00000, 0x0000000087f00000| Complete 
| 100|0x0000000088000000, 0x0000000088100000, 0x0000000088100000|100%| E|CS|TAMS 0x0000000088000000, 0x0000000088000000| Complete 
| 101|0x0000000088100000, 0x0000000088200000, 0x0000000088200000|100%| E|CS|TAMS 0x0000000088100000, 0x0000000088100000| Complete 
| 102|0x0000000088200000, 0x0000000088300000, 0x0000000088300000|100%| E|CS|TAMS 0x0000000088200000, 0x0000000088200000| Complete 
| 103|0x0000000088300000, 0x0000000088400000, 0x0000000088400000|100%| E|CS|TAMS 0x0000000088300000, 0x0000000088300000| Complete 
| 104|0x0000000088400000, 0x0000000088500000, 0x0000000088500000|100%| E|CS|TAMS 0x0000000088400000, 0x0000000088400000| Complete 
| 105|0x0000000088500000, 0x0000000088600000, 0x0000000088600000|100%| E|CS|TAMS 0x0000000088500000, 0x0000000088500000| Complete 
| 106|0x0000000088600000, 0x0000000088700000, 0x0000000088700000|100%| E|CS|TAMS 0x0000000088600000, 0x0000000088600000| Complete 
| 107|0x0000000088700000, 0x0000000088800000, 0x0000000088800000|100%| E|CS|TAMS 0x0000000088700000, 0x0000000088700000| Complete 
| 108|0x0000000088800000, 0x0000000088900000, 0x0000000088900000|100%| E|CS|TAMS 0x0000000088800000, 0x0000000088800000| Complete 
| 109|0x0000000088900000, 0x0000000088a00000, 0x0000000088a00000|100%| E|CS|TAMS 0x0000000088900000, 0x0000000088900000| Complete 
| 110|0x0000000088a00000, 0x0000000088b00000, 0x0000000088b00000|100%| E|CS|TAMS 0x0000000088a00000, 0x0000000088a00000| Complete 
| 111|0x0000000088b00000, 0x0000000088c00000, 0x0000000088c00000|100%| E|CS|TAMS 0x0000000088b00000, 0x0000000088b00000| Complete 
| 112|0x0000000088c00000, 0x0000000088d00000, 0x0000000088d00000|100%| E|CS|TAMS 0x0000000088c00000, 0x0000000088c00000| Complete 
| 113|0x0000000088d00000, 0x0000000088e00000, 0x0000000088e00000|100%| E|CS|TAMS 0x0000000088d00000, 0x0000000088d00000| Complete 
| 114|0x0000000088e00000, 0x0000000088f00000, 0x0000000088f00000|100%| E|CS|TAMS 0x0000000088e00000, 0x0000000088e00000| Complete 
| 115|0x0000000088f00000, 0x0000000089000000, 0x0000000089000000|100%| E|CS|TAMS 0x0000000088f00000, 0x0000000088f00000| Complete 
| 116|0x0000000089000000, 0x0000000089100000, 0x0000000089100000|100%| E|CS|TAMS 0x0000000089000000, 0x0000000089000000| Complete 
| 117|0x0000000089100000, 0x0000000089200000, 0x0000000089200000|100%| E|CS|TAMS 0x0000000089100000, 0x0000000089100000| Complete 
| 118|0x0000000089200000, 0x0000000089300000, 0x0000000089300000|100%| E|CS|TAMS 0x0000000089200000, 0x0000000089200000| Complete 
| 119|0x0000000089300000, 0x0000000089400000, 0x0000000089400000|100%| E|CS|TAMS 0x0000000089300000, 0x0000000089300000| Complete 
| 120|0x0000000089400000, 0x0000000089500000, 0x0000000089500000|100%| E|CS|TAMS 0x0000000089400000, 0x0000000089400000| Complete 
| 121|0x0000000089500000, 0x0000000089600000, 0x0000000089600000|100%| E|CS|TAMS 0x0000000089500000, 0x0000000089500000| Complete 
| 122|0x0000000089600000, 0x0000000089700000, 0x0000000089700000|100%| E|CS|TAMS 0x0000000089600000, 0x0000000089600000| Complete 
| 123|0x0000000089700000, 0x0000000089800000, 0x0000000089800000|100%| E|CS|TAMS 0x0000000089700000, 0x0000000089700000| Complete 
| 124|0x0000000089800000, 0x0000000089900000, 0x0000000089900000|100%| E|CS|TAMS 0x0000000089800000, 0x0000000089800000| Complete 
| 125|0x0000000089900000, 0x0000000089a00000, 0x0000000089a00000|100%| E|CS|TAMS 0x0000000089900000, 0x0000000089900000| Complete 
| 126|0x0000000089a00000, 0x0000000089b00000, 0x0000000089b00000|100%| E|CS|TAMS 0x0000000089a00000, 0x0000000089a00000| Complete 
| 127|0x0000000089b00000, 0x0000000089c00000, 0x0000000089c00000|100%| E|CS|TAMS 0x0000000089b00000, 0x0000000089b00000| Complete 

Card table byte_map: [0x0000027229950000,0x0000027229d50000] _byte_map_base: 0x0000027229542000

Marking Bits (Prev, Next): (CMBitMap*) 0x00000272120178e0, (CMBitMap*) 0x0000027212017920
 Prev Bits: [0x000002722a150000, 0x000002722c0e0000)
 Next Bits: [0x000002722c0e0000, 0x000002722e070000)

Polling page: 0x000002720ff60000

Metaspace:

Usage:
  Non-class:     13.48 MB capacity,    12.40 MB ( 92%) used,     1.07 MB (  8%) free+waste,    14.75 KB ( <1%) overhead. 
      Class:      1.76 MB capacity,     1.58 MB ( 90%) used,   178.20 KB ( 10%) free+waste,     6.19 KB ( <1%) overhead. 
       Both:     15.25 MB capacity,    13.98 MB ( 92%) used,     1.24 MB (  8%) free+waste,    20.94 KB ( <1%) overhead. 

Virtual space:
  Non-class space:       14.00 MB reserved,      13.50 MB ( 96%) committed 
      Class space:        1.00 GB reserved,       1.88 MB ( <1%) committed 
             Both:        1.01 GB reserved,      15.38 MB (  1%) committed 

Chunk freelists:
   Non-Class:  16.00 KB
       Class:  20.00 KB
        Both:  36.00 KB

MaxMetaspaceSize: 17179869184.00 GB
CompressedClassSpaceSize: 1.00 GB

CodeHeap 'non-profiled nmethods': size=120000Kb used=1390Kb max_used=1390Kb free=118610Kb
 bounds [0x0000027221ce0000, 0x0000027221f50000, 0x0000027229210000]
CodeHeap 'profiled nmethods': size=120000Kb used=5686Kb max_used=5686Kb free=114313Kb
 bounds [0x000002721a7b0000, 0x000002721ad40000, 0x0000027221ce0000]
CodeHeap 'non-nmethods': size=5760Kb used=1203Kb max_used=1262Kb free=4556Kb
 bounds [0x000002721a210000, 0x000002721a480000, 0x000002721a7b0000]
 total_blobs=3476 nmethods=3012 adapters=376
 compilation: enabled
              stopped_count=0, restarted_count=0
 full_count=0

Compilation events (20 events):
Event: 2.370 Thread 0x0000027230ae3bc0 2996       1       java.lang.invoke.MethodHandles$Lookup::previousLookupClass (5 bytes)
Event: 2.370 Thread 0x0000027230ae3bc0 nmethod 2996 0x0000027221e3a290 code [0x0000027221e3a420, 0x0000027221e3a4d8]
Event: 2.371 Thread 0x0000027232455170 nmethod 3000 0x0000027221e3a590 code [0x0000027221e3a720, 0x0000027221e3a848]
Event: 2.371 Thread 0x0000027230ae3bc0 3003       3       java.lang.invoke.MethodHandles$Lookup::lookupClassOrNull (27 bytes)
Event: 2.371 Thread 0x0000027230ae3bc0 nmethod 3003 0x000002721ad3a790 code [0x000002721ad3a920, 0x000002721ad3aad8]
Event: 2.371 Thread 0x0000027230ae3bc0 3004   !   3       java.lang.invoke.MemberName$Factory::resolve (157 bytes)
Event: 2.372 Thread 0x0000027230ae3bc0 nmethod 3004 0x000002721ad3ab90 code [0x000002721ad3ada0, 0x000002721ad3b408]
Event: 2.577 Thread 0x0000027230adfc20 3005  s    4       java.io.BufferedOutputStream::flush (12 bytes)
Event: 2.580 Thread 0x0000027230adfc20 nmethod 3005 0x0000027221e3a990 code [0x0000027221e3ab20, 0x0000027221e3ae48]
Event: 11.309 Thread 0x0000027230ae3bc0 3006       3       java.io.FileInputStream::available (5 bytes)
Event: 11.309 Thread 0x0000027230ae3bc0 nmethod 3006 0x000002721ad3b710 code [0x000002721ad3b8c0, 0x000002721ad3b9e8]
Event: 15.096 Thread 0x0000027230ae3bc0 3008  s    3       java.io.BufferedInputStream::available (35 bytes)
Event: 15.097 Thread 0x0000027230ae3bc0 nmethod 3008 0x000002721ad3ba90 code [0x000002721ad3bc60, 0x000002721ad3c0b8]
Event: 146.752 Thread 0x0000027230ae3bc0 3010       3       org.fusesource.jansi.FilterPrintStream::write (17 bytes)
Event: 146.764 Thread 0x0000027230ae3bc0 nmethod 3010 0x000002721ad3c210 code [0x000002721ad3c3c0, 0x000002721ad3c698]
Event: 146.764 Thread 0x0000027230ae3bc0 3011   !   3       java.io.PrintStream::write (66 bytes)
Event: 146.818 Thread 0x0000027230ae3bc0 nmethod 3011 0x000002721ad3c790 code [0x000002721ad3c9a0, 0x000002721ad3d078]
Event: 147.241 Thread 0x0000027230ae3bc0 3013  s    3       java.io.BufferedOutputStream::write (35 bytes)
Event: 147.242 Thread 0x0000027230ae3bc0 nmethod 3013 0x000002721ad3d390 code [0x000002721ad3d540, 0x000002721ad3d908]
Event: 147.255 Thread 0x0000027230adfc20 3014  s    4       org.fusesource.jansi.AnsiPrintStream::filter (948 bytes)

GC Heap History (4 events):
Event: 0.696 GC heap before
{Heap before GC invocations=0 (full 0):
 garbage-first heap   total 131072K, used 22528K [0x0000000081c00000, 0x0000000100000000)
  region size 1024K, 23 young (23552K), 0 survivors (0K)
 Metaspace       used 5144K, capacity 7734K, committed 7808K, reserved 1056768K
  class space    used 589K, capacity 854K, committed 896K, reserved 1048576K
}
Event: 0.701 GC heap after
{Heap after GC invocations=1 (full 0):
 garbage-first heap   total 131072K, used 3545K [0x0000000081c00000, 0x0000000100000000)
  region size 1024K, 3 young (3072K), 3 survivors (3072K)
 Metaspace       used 5144K, capacity 7734K, committed 7808K, reserved 1056768K
  class space    used 589K, capacity 854K, committed 896K, reserved 1048576K
}
Event: 1.151 GC heap before
{Heap before GC invocations=1 (full 0):
 garbage-first heap   total 131072K, used 34265K [0x0000000081c00000, 0x0000000100000000)
  region size 1024K, 33 young (33792K), 3 survivors (3072K)
 Metaspace       used 9837K, capacity 12028K, committed 12288K, reserved 1060864K
  class space    used 1176K, capacity 1446K, committed 1536K, reserved 1048576K
}
Event: 1.158 GC heap after
{Heap after GC invocations=2 (full 0):
 garbage-first heap   total 131072K, used 5330K [0x0000000081c00000, 0x0000000100000000)
  region size 1024K, 2 young (2048K), 2 survivors (2048K)
 Metaspace       used 9837K, capacity 12028K, committed 12288K, reserved 1060864K
  class space    used 1176K, capacity 1446K, committed 1536K, reserved 1048576K
}

Deoptimization events (20 events):
Event: 2.294 Thread 0x0000027211fd9e60 Uncommon trap: trap_request=0xffffffde fr.pc=0x0000027221d94e0c relative=0x000000000000006c
Event: 2.294 Thread 0x0000027211fd9e60 Uncommon trap: reason=class_check action=maybe_recompile pc=0x0000027221d94e0c method=com.google.inject.internal.LinkedBindingImpl.acceptTargetVisitor(Lcom/google/inject/spi/BindingTargetVisitor;)Ljava/lang/Object; @ 2 c2
Event: 2.294 Thread 0x0000027211fd9e60 DEOPT PACKING pc=0x0000027221d94e0c sp=0x000000bfad0fd840
Event: 2.294 Thread 0x0000027211fd9e60 DEOPT UNPACKING pc=0x000002721a25e42f sp=0x000000bfad0fd7d8 mode 2
Event: 2.326 Thread 0x0000027211fd9e60 Uncommon trap: trap_request=0xffffff76 fr.pc=0x0000027221e2d4b8 relative=0x0000000000000098
Event: 2.326 Thread 0x0000027211fd9e60 Uncommon trap: reason=predicate action=maybe_recompile pc=0x0000027221e2d4b8 method=java.util.TimSort.binarySort([Ljava/lang/Object;IIILjava/util/Comparator;)V @ 34 c2
Event: 2.326 Thread 0x0000027211fd9e60 DEOPT PACKING pc=0x0000027221e2d4b8 sp=0x000000bfad0fd350
Event: 2.326 Thread 0x0000027211fd9e60 DEOPT UNPACKING pc=0x000002721a25e42f sp=0x000000bfad0fd300 mode 2
Event: 2.332 Thread 0x0000027211fd9e60 Uncommon trap: trap_request=0xffffffde fr.pc=0x0000027221d94e0c relative=0x000000000000006c
Event: 2.332 Thread 0x0000027211fd9e60 Uncommon trap: reason=class_check action=maybe_recompile pc=0x0000027221d94e0c method=com.google.inject.internal.LinkedBindingImpl.acceptTargetVisitor(Lcom/google/inject/spi/BindingTargetVisitor;)Ljava/lang/Object; @ 2 c2
Event: 2.332 Thread 0x0000027211fd9e60 DEOPT PACKING pc=0x0000027221d94e0c sp=0x000000bfad0fd840
Event: 2.332 Thread 0x0000027211fd9e60 DEOPT UNPACKING pc=0x000002721a25e42f sp=0x000000bfad0fd7d8 mode 2
Event: 2.332 Thread 0x0000027211fd9e60 Uncommon trap: trap_request=0xffffffde fr.pc=0x0000027221d94e0c relative=0x000000000000006c
Event: 2.332 Thread 0x0000027211fd9e60 Uncommon trap: reason=class_check action=maybe_recompile pc=0x0000027221d94e0c method=com.google.inject.internal.LinkedBindingImpl.acceptTargetVisitor(Lcom/google/inject/spi/BindingTargetVisitor;)Ljava/lang/Object; @ 2 c2
Event: 2.332 Thread 0x0000027211fd9e60 DEOPT PACKING pc=0x0000027221d94e0c sp=0x000000bfad0fd840
Event: 2.332 Thread 0x0000027211fd9e60 DEOPT UNPACKING pc=0x000002721a25e42f sp=0x000000bfad0fd7d8 mode 2
Event: 2.348 Thread 0x0000027211fd9e60 DEOPT PACKING pc=0x000002721a86d414 sp=0x000000bfad0f7fe0
Event: 2.348 Thread 0x0000027211fd9e60 DEOPT UNPACKING pc=0x000002721a25e23f sp=0x000000bfad0f7418 mode 0
Event: 2.348 Thread 0x0000027211fd9e60 DEOPT PACKING pc=0x000002721a86d04c sp=0x000000bfad0f8050
Event: 2.348 Thread 0x0000027211fd9e60 DEOPT UNPACKING pc=0x000002721a25e23f sp=0x000000bfad0f74f8 mode 0

Classes unloaded (0 events):
No events

Classes redefined (0 events):
No events

Internal exceptions (20 events):
Event: 1.247 Thread 0x0000027211fd9e60 Exception <a 'java/lang/NoSuchMethodError'{0x00000000897a53a8}: 'void java.lang.invoke.DirectMethodHandle$Holder.invokeStatic(java.lang.Object, java.lang.Object)'> (0x00000000897a53a8) 
thrown [./open/src/hotspot/share/interpreter/linkResolver.cpp, line 782]
Event: 1.247 Thread 0x0000027211fd9e60 Exception <a 'java/lang/NoSuchMethodError'{0x00000000897a9da0}: 'void java.lang.invoke.DirectMethodHandle$Holder.invokeStaticInit(java.lang.Object, java.lang.Object)'> (0x00000000897a9da0) 
thrown [./open/src/hotspot/share/interpreter/linkResolver.cpp, line 782]
Event: 1.251 Thread 0x0000027211fd9e60 Exception <a 'java/lang/NoSuchMethodError'{0x00000000897d2238}: 'java.lang.Object java.lang.invoke.DirectMethodHandle$Holder.invokeStatic(java.lang.Object)'> (0x00000000897d2238) 
thrown [./open/src/hotspot/share/interpreter/linkResolver.cpp, line 782]
Event: 1.253 Thread 0x0000027211fd9e60 Exception <a 'java/lang/NoSuchMethodError'{0x00000000897dd2d8}: 'java.lang.Object java.lang.invoke.DirectMethodHandle$Holder.invokeStaticInit(java.lang.Object, int, int, int, int)'> (0x00000000897dd2d8) 
thrown [./open/src/hotspot/share/interpreter/linkResolver.cpp, line 782]
Event: 1.896 Thread 0x0000027211fd9e60 Implicit null exception at 0x0000027221db5520 to 0x0000027221db5c9a
Event: 1.896 Thread 0x0000027211fd9e60 Implicit null exception at 0x0000027221d79b6f to 0x0000027221d79d30
Event: 1.896 Thread 0x0000027211fd9e60 Implicit null exception at 0x0000027221d82a2f to 0x0000027221d82aa9
Event: 2.310 Thread 0x0000027211fd9e60 Exception <a 'java/lang/NoClassDefFoundError'{0x00000000870b07b0}: org/sonatype/aether/deployment/DeploymentException> (0x00000000870b07b0) 
thrown [./open/src/hotspot/share/classfile/systemDictionary.cpp, line 284]
Event: 2.314 Thread 0x0000027211fd9e60 Exception <a 'java/lang/NoClassDefFoundError'{0x00000000870e6eb8}: org/sonatype/aether/metadata/Metadata> (0x00000000870e6eb8) 
thrown [./open/src/hotspot/share/classfile/systemDictionary.cpp, line 284]
Event: 2.315 Thread 0x0000027211fd9e60 Exception <a 'java/lang/NoClassDefFoundError'{0x0000000086f055a8}: org/sonatype/aether/installation/InstallationException> (0x0000000086f055a8) 
thrown [./open/src/hotspot/share/classfile/systemDictionary.cpp, line 284]
Event: 2.324 Thread 0x0000027211fd9e60 Exception <a 'java/lang/NoClassDefFoundError'{0x0000000086fb6698}: org/sonatype/aether/resolution/ArtifactResolutionException> (0x0000000086fb6698) 
thrown [./open/src/hotspot/share/classfile/systemDictionary.cpp, line 284]
Event: 2.324 Thread 0x0000027211fd9e60 Exception <a 'java/lang/NoClassDefFoundError'{0x0000000086fc1490}: org/sonatype/aether/resolution/ArtifactDescriptorException> (0x0000000086fc1490) 
thrown [./open/src/hotspot/share/classfile/systemDictionary.cpp, line 284]
Event: 2.326 Thread 0x0000027211fd9e60 Exception <a 'java/lang/NoClassDefFoundError'{0x0000000086fe43b8}: org/sonatype/aether/collection/DependencyCollectionException> (0x0000000086fe43b8) 
thrown [./open/src/hotspot/share/classfile/systemDictionary.cpp, line 284]
Event: 2.326 Thread 0x0000027211fd9e60 Exception <a 'java/lang/NoClassDefFoundError'{0x0000000086ff29c0}: org/sonatype/aether/metadata/Metadata> (0x0000000086ff29c0) 
thrown [./open/src/hotspot/share/classfile/systemDictionary.cpp, line 284]
Event: 2.366 Thread 0x0000027211fd9e60 Exception <a 'java/lang/NoSuchMethodError'{0x0000000086c35898}: 'void java.lang.invoke.DirectMethodHandle$Holder.invokeStatic(java.lang.Object, long)'> (0x0000000086c35898) 
thrown [./open/src/hotspot/share/interpreter/linkResolver.cpp, line 782]
Event: 2.367 Thread 0x0000027211fd9e60 Exception <a 'java/lang/NoSuchMethodError'{0x0000000086c3b498}: 'java.lang.Object java.lang.invoke.DirectMethodHandle$Holder.newInvokeSpecial(java.lang.Object, long)'> (0x0000000086c3b498) 
thrown [./open/src/hotspot/share/interpreter/linkResolver.cpp, line 782]
Event: 2.368 Thread 0x0000027211fd9e60 Exception <a 'java/lang/NoSuchMethodError'{0x0000000086c400c8}: 'java.lang.Object java.lang.invoke.DirectMethodHandle$Holder.invokeStaticInit(java.lang.Object)'> (0x0000000086c400c8) 
thrown [./open/src/hotspot/share/interpreter/linkResolver.cpp, line 782]
Event: 2.369 Thread 0x0000027211fd9e60 Exception <a 'java/lang/NoSuchMethodError'{0x0000000086c49e58}: 'java.lang.Object java.lang.invoke.DirectMethodHandle$Holder.invokeStaticInit(java.lang.Object, java.lang.Object, long, java.lang.Object)'> (0x0000000086c49e58) 
thrown [./open/src/hotspot/share/interpreter/linkResolver.cpp, line 782]
Event: 2.369 Thread 0x0000027211fd9e60 Exception <a 'java/lang/NoSuchMethodError'{0x0000000086c50970}: 'java.lang.Object java.lang.invoke.DirectMethodHandle$Holder.newInvokeSpecial(java.lang.Object, java.lang.Object, long)'> (0x0000000086c50970) 
thrown [./open/src/hotspot/share/interpreter/linkResolver.cpp, line 782]
Event: 2.370 Thread 0x0000027211fd9e60 Exception <a 'java/lang/NoSuchMethodError'{0x0000000086c54d60}: 'java.lang.Object java.lang.invoke.Invokers$Holder.linkToTargetMethod(java.lang.Object, long, java.lang.Object)'> (0x0000000086c54d60) 
thrown [./open/src/hotspot/share/interpreter/linkResolver.cpp, line 782]

Events (20 events):
Event: 2.371 loading class java/util/concurrent/SynchronousQueue$TransferStack$SNode
Event: 2.371 loading class java/util/concurrent/SynchronousQueue$TransferStack$SNode done
Event: 2.371 loading class java/lang/ProcessImpl$2
Event: 2.371 loading class java/lang/ProcessImpl$2 done
Event: 2.371 loading class java/lang/Process$PipeInputStream
Event: 2.371 loading class java/lang/Process$PipeInputStream done
Event: 2.372 Executing VM operation: HandshakeAllThreads
Event: 2.372 Executing VM operation: HandshakeAllThreads done
Event: 2.372 loading class jdk/internal/event/ProcessStartEvent
Event: 2.372 loading class jdk/internal/event/Event
Event: 2.372 loading class jdk/internal/event/Event done
Event: 2.372 loading class jdk/internal/event/ProcessStartEvent done
Event: 2.373 loading class java/io/PipedOutputStream
Event: 2.373 loading class java/io/PipedOutputStream done
Event: 2.373 Thread 0x00000272329663f0 Thread added: 0x00000272329663f0
Event: 2.373 Thread 0x0000027232a584b0 Thread added: 0x0000027232a584b0
Event: 2.373 Thread 0x0000027232a58980 Thread added: 0x0000027232a58980
Event: 2.577 Thread 0x0000027231619d40 Thread exited: 0x0000027231619d40
Event: 2.577 Thread 0x0000027232455170 Thread exited: 0x0000027232455170
Event: 30.447 Loaded shared library C:\Program Files\Java\jdk-15.0.2\bin\java.dll


Dynamic libraries:
0x00007ff6d70b0000 - 0x00007ff6d70bf000 	C:\Program Files\Java\jdk-15.0.2\bin\java.exe
0x00007ffbd8e10000 - 0x00007ffbd9005000 	C:\WINDOWS\SYSTEM32\ntdll.dll
0x00007ffbd80e0000 - 0x00007ffbd819d000 	C:\WINDOWS\System32\KERNEL32.DLL
0x00007ffbd6940000 - 0x00007ffbd6c08000 	C:\WINDOWS\System32\KERNELBASE.dll
0x00007ffbd6c10000 - 0x00007ffbd6d10000 	C:\WINDOWS\System32\ucrtbase.dll
0x00007ffbb0f10000 - 0x00007ffbb0f29000 	C:\Program Files\Java\jdk-15.0.2\bin\VCRUNTIME140.dll
0x00007ffbd49c0000 - 0x00007ffbd49d8000 	C:\Program Files\Java\jdk-15.0.2\bin\jli.dll
0x00007ffbd7730000 - 0x00007ffbd77dc000 	C:\WINDOWS\System32\ADVAPI32.dll
0x00007ffbd6f60000 - 0x00007ffbd6ffe000 	C:\WINDOWS\System32\msvcrt.dll
0x00007ffbd7ed0000 - 0x00007ffbd7f6b000 	C:\WINDOWS\System32\sechost.dll
0x00007ffbd8ca0000 - 0x00007ffbd8dcb000 	C:\WINDOWS\System32\RPCRT4.dll
0x00007ffbd7cb0000 - 0x00007ffbd7e50000 	C:\WINDOWS\System32\USER32.dll
0x00007ffbd65b0000 - 0x00007ffbd65d2000 	C:\WINDOWS\System32\win32u.dll
0x00007ffbbd640000 - 0x00007ffbbd8da000 	C:\WINDOWS\WinSxS\amd64_microsoft.windows.common-controls_6595b64144ccf1df_6.0.19041.844_none_ca00b6081b84eb1d\COMCTL32.dll
0x00007ffbd80b0000 - 0x00007ffbd80da000 	C:\WINDOWS\System32\GDI32.dll
0x00007ffbd65e0000 - 0x00007ffbd66eb000 	C:\WINDOWS\System32\gdi32full.dll
0x00007ffbd66f0000 - 0x00007ffbd678d000 	C:\WINDOWS\System32\msvcp_win.dll
0x00007ffbcb8d0000 - 0x00007ffbcb8da000 	C:\WINDOWS\SYSTEM32\VERSION.dll
0x00007ffbd7000000 - 0x00007ffbd7030000 	C:\WINDOWS\System32\IMM32.DLL
0x00007ffbc8b00000 - 0x00007ffbc8b0c000 	C:\Program Files\Java\jdk-15.0.2\bin\vcruntime140_1.dll
0x00007ffb952d0000 - 0x00007ffb95361000 	C:\Program Files\Java\jdk-15.0.2\bin\msvcp140.dll
0x00007ffb89520000 - 0x00007ffb8a07e000 	C:\Program Files\Java\jdk-15.0.2\bin\server\jvm.dll
0x00007ffbd8c90000 - 0x00007ffbd8c98000 	C:\WINDOWS\System32\PSAPI.DLL
0x00007ffbc7530000 - 0x00007ffbc7557000 	C:\WINDOWS\SYSTEM32\WINMM.dll
0x00007ffbd1d90000 - 0x00007ffbd1d99000 	C:\WINDOWS\SYSTEM32\WSOCK32.dll
0x00007ffbd8c20000 - 0x00007ffbd8c8b000 	C:\WINDOWS\System32\WS2_32.dll
0x00007ffbd4e70000 - 0x00007ffbd4e82000 	C:\WINDOWS\SYSTEM32\kernel.appcore.dll
0x00007ffbc85e0000 - 0x00007ffbc85ea000 	C:\Program Files\Java\jdk-15.0.2\bin\jimage.dll
0x00007ffbd1340000 - 0x00007ffbd1524000 	C:\WINDOWS\SYSTEM32\DBGHELP.DLL
0x00007ffbc5200000 - 0x00007ffbc522c000 	C:\WINDOWS\SYSTEM32\dbgcore.DLL
0x00007ffbd67e0000 - 0x00007ffbd6860000 	C:\WINDOWS\System32\bcryptPrimitives.dll
0x00007ffbb0ea0000 - 0x00007ffbb0ec5000 	C:\Program Files\Java\jdk-15.0.2\bin\java.dll
0x00007ffbd81a0000 - 0x00007ffbd88e2000 	C:\WINDOWS\System32\SHELL32.dll
0x00007ffbd1530000 - 0x00007ffbd1cc1000 	C:\WINDOWS\SYSTEM32\windows.storage.dll
0x00007ffbd7030000 - 0x00007ffbd7385000 	C:\WINDOWS\System32\combase.dll
0x00007ffbd5fc0000 - 0x00007ffbd5fec000 	C:\WINDOWS\SYSTEM32\Wldp.dll
0x00007ffbd74e0000 - 0x00007ffbd758e000 	C:\WINDOWS\System32\SHCORE.dll
0x00007ffbd76d0000 - 0x00007ffbd7725000 	C:\WINDOWS\System32\shlwapi.dll
0x00007ffbd6490000 - 0x00007ffbd64af000 	C:\WINDOWS\SYSTEM32\profapi.dll
0x00007ffbb0e10000 - 0x00007ffbb0e29000 	C:\Program Files\Java\jdk-15.0.2\bin\net.dll
0x00007ffbca3a0000 - 0x00007ffbca4ab000 	C:\WINDOWS\SYSTEM32\WINHTTP.dll
0x00007ffbd5d30000 - 0x00007ffbd5d9a000 	C:\WINDOWS\system32\mswsock.dll
0x00007ffbb0840000 - 0x00007ffbb0852000 	C:\Program Files\Java\jdk-15.0.2\bin\nio.dll
0x00007ffbaef80000 - 0x00007ffbaef98000 	C:\Program Files\Java\jdk-15.0.2\bin\zip.dll
0x00007ffbc8350000 - 0x00007ffbc8360000 	C:\Program Files\Java\jdk-15.0.2\bin\verify.dll
0x00007ffbd49b0000 - 0x00007ffbd49ba000 	C:\Program Files\NetBeans-12.2\netbeans\java\maven\lib\jansi-native\windows64\jansi.dll

dbghelp: loaded successfully - version: 4.0.5 - missing functions: none
symbol engine: initialized successfully - sym options: 0x614 - pdb path: .;C:\Program Files\Java\jdk-15.0.2\bin;C:\WINDOWS\SYSTEM32;C:\WINDOWS\WinSxS\amd64_microsoft.windows.common-controls_6595b64144ccf1df_6.0.19041.844_none_ca00b6081b84eb1d;C:\Program Files\Java\jdk-15.0.2\bin\server;C:\Program Files\NetBeans-12.2\netbeans\java\maven\lib\jansi-native\windows64

VM Arguments:
jvm_args: -Dclassworlds.conf=C:\Program Files\NetBeans-12.2\netbeans\java\maven\bin\..\bin\m2.conf -Dmaven.home=C:\Program Files\NetBeans-12.2\netbeans\java\maven\bin\.. -Dlibrary.jansi.path=C:\Program Files\NetBeans-12.2\netbeans\java\maven\bin\..\lib\jansi-native -Dmaven.multiModuleProjectDirectory=D:\Java\Lap trinh mang\ClientServerUDP 
java_command: org.codehaus.plexus.classworlds.launcher.Launcher -Dexec.args=-classpath %classpath com.mycompany.NguyenThiNga_10218026.bai1.model.Server -Dexec.executable=C:\Program Files\Java\jdk-15.0.2\bin\java.exe -Dexec.classpathScope=runtime -Dmaven.ext.class.path=C:\Program Files\NetBeans-12.2\netbeans\java\maven-nblib\netbeans-eventspy.jar -Dfile.encoding=UTF-8 org.codehaus.mojo:exec-maven-plugin:3.0.0:exec
java_class_path (initial): C:\Program Files\NetBeans-12.2\netbeans\java\maven\bin\..\boot\plexus-classworlds-2.6.0.jar
Launcher Type: SUN_STANDARD

[Global flags]
     intx CICompilerCount                          = 4                                         {product} {ergonomic}
     uint ConcGCThreads                            = 2                                         {product} {ergonomic}
     uint G1ConcRefinementThreads                  = 8                                         {product} {ergonomic}
   size_t G1HeapRegionSize                         = 1048576                                   {product} {ergonomic}
    uintx GCDrainStackTargetSize                   = 64                                        {product} {ergonomic}
   size_t InitialHeapSize                          = 134217728                                 {product} {ergonomic}
   size_t MarkStackSize                            = 4194304                                   {product} {ergonomic}
   size_t MaxHeapSize                              = 2118123520                                {product} {ergonomic}
   size_t MaxNewSize                               = 1270874112                                {product} {ergonomic}
   size_t MinHeapDeltaBytes                        = 1048576                                   {product} {ergonomic}
   size_t MinHeapSize                              = 8388608                                   {product} {ergonomic}
    uintx NonNMethodCodeHeapSize                   = 5839372                                {pd product} {ergonomic}
    uintx NonProfiledCodeHeapSize                  = 122909434                              {pd product} {ergonomic}
    uintx ProfiledCodeHeapSize                     = 122909434                              {pd product} {ergonomic}
    uintx ReservedCodeCacheSize                    = 251658240                              {pd product} {ergonomic}
     bool SegmentedCodeCache                       = true                                      {product} {ergonomic}
   size_t SoftMaxHeapSize                          = 2118123520                             {manageable} {ergonomic}
     bool UseCompressedClassPointers               = true                                 {lp64_product} {ergonomic}
     bool UseCompressedOops                        = true                                 {lp64_product} {ergonomic}
     bool UseG1GC                                  = true                                      {product} {ergonomic}
     bool UseLargePagesIndividualAllocation        = false                                  {pd product} {ergonomic}

Logging:
Log output configuration:
 #0: stdout all=warning uptime,level,tags
 #1: stderr all=off uptime,level,tags

Environment Variables:
JAVA_HOME=C:\Program Files\Java\jdk-15.0.2
PATH=C:\Program Files (x86)\Common Files\Oracle\Java\javapath;C:\Program Files\Common Files\Oracle\Java\javapath;C:\WINDOWS\system32;C:\WINDOWS;C:\WINDOWS\System32\Wbem;C:\WINDOWS\System32\WindowsPowerShell\v1.0\;C:\WINDOWS\System32\OpenSSH\;C:\Program Files\dotnet\;D:\Git\cmd;C:\Program Files\nodejs\;C:\Program Files\MySQL\MySQL Shell 8.0\bin\;C:\Users\OS\AppData\Local\Programs\Python\Python36-32\Scripts\;C:\Users\OS\AppData\Local\Programs\Python\Python36-32\;C:\Users\OS\AppData\Local\Programs\Python\Python38-32\Scripts\;C:\Users\OS\AppData\Local\Programs\Python\Python38-32\;C:\Users\OS\AppData\Local\Microsoft\WindowsApps;D:\PyCharm Community Edition 2020.2\bin;;C:\Users\OS\.dotnet\tools;D:\VS Code\bin;C:\Program Files\JetBrains\IntelliJ IDEA 2020.1\bin;;C:\Users\OS\AppData\Roaming\npm;
USERNAME=OS
OS=Windows_NT
PROCESSOR_IDENTIFIER=Intel64 Family 6 Model 142 Stepping 10, GenuineIntel



---------------  S Y S T E M  ---------------

OS:
 Windows 10 , 64 bit Build 19041 (10.0.19041.928)
OS uptime: 9 days 21:39 hours

CPU: total 8 (initial active 8) (4 cores per cpu, 2 threads per core) family 6 model 142 stepping 10 microcode 0xe0, cmov, cx8, fxsr, mmx, sse, sse2, sse3, ssse3, sse4.1, sse4.2, popcnt, vzeroupper, avx, avx2, aes, clmul, erms, 3dnowpref, lzcnt, ht, tsc, tscinvbit, bmi1, bmi2, adx, fma, clflush, clflushopt

Memory: 4k page, system-wide physical 8072M (438M free)
TotalPageFile size 23240M (AvailPageFile size 13M)
current process WorkingSet (physical memory assigned to process): 11M, peak: 129M
current process commit charge ("private bytes"): 243M, peak: 256M

vm_info: Java HotSpot(TM) 64-Bit Server VM (15.0.2+7-27) for windows-amd64 JRE (15.0.2+7-27), built on Dec  7 2020 20:07:01 by "mach5one" with unknown MS VC++:1925

END.
